<testng-results>
  <reporter-output>
  </reporter-output>
  <suite name="Default suite" duration-ms="7016" started-at="2010-11-05T10:39:17Z" finished-at="2010-11-05T10:39:24Z">
    <groups>
    </groups>
    <test name="gsd.inescid.markpledge3.tests.testng.CandidateVoteTest" duration-ms="7016" started-at="2010-11-05T10:39:17Z" finished-at="2010-11-05T10:39:24Z">
      <class name="gsd.inescid.markpledge3.tests.testng.CandidateVoteTest">
        <test-method status="PASS" signature="staticCandidateVoteTest(java.lang.String, gsd.inescid.crypto.ElGamalKeyPair, gsd.inescid.markpledge3.MP3Parameters, java.util.Random)" name="staticCandidateVoteTest" duration-ms="31" started-at="2010-11-05T10:39:19Z" finished-at="2010-11-05T10:39:19Z">
          <params>
            <param index="0">
              <value>
                <![CDATA[static test key (p=64 q=64)  same generator]]>
              </value>
            </param>
            <param index="1">
              <value>
                <![CDATA[p = 13837456570030819931
q = 37019
g = 12977221436981235315
h = 3295523328044581023
kpri = 21162]]>
              </value>
            </param>
            <param index="2">
              <value>
                <![CDATA[
MarkPledge3 parameters
p = 13837456570030819931
q = 37019
g = 12977221436981235315
h = 3295523328044581023
G^1 = 12977221436981235315
G^-1= 645590383576576813]]>
              </value>
            </param>
            <param index="3">
              <value>
                <![CDATA[java.security.SecureRandom@1a5f739]]>
              </value>
            </param>
          </params>
        </test-method>
        <test-method status="PASS" signature="staticCandidateVoteTest(java.lang.String, gsd.inescid.crypto.ElGamalKeyPair, gsd.inescid.markpledge3.MP3Parameters, java.util.Random)" name="staticCandidateVoteTest" duration-ms="15" started-at="2010-11-05T10:39:19Z" finished-at="2010-11-05T10:39:19Z">
          <params>
            <param index="0">
              <value>
                <![CDATA[static test key (p=256 q=256)  same generator]]>
              </value>
            </param>
            <param index="1">
              <value>
                <![CDATA[p = 96509198243102796671880446802674469738718626049369117378023372848809843424647
q = 9343454630408743073
g = 1277521942415144182268691974932248538305429695828420578600404193489247113907
h = 70716499088905278137866323685115627936414801464957261891346856480745220250170
kpri = 2392069099357235447]]>
              </value>
            </param>
            <param index="2">
              <value>
                <![CDATA[
MarkPledge3 parameters
p = 96509198243102796671880446802674469738718626049369117378023372848809843424647
q = 9343454630408743073
g = 1277521942415144182268691974932248538305429695828420578600404193489247113907
h = 70716499088905278137866323685115627936414801464957261891346856480745220250170
G^1 = 1277521942415144182268691974932248538305429695828420578600404193489247113907
G^-1= 87982650896638839002395396201353264274549785025713998518860837528818290363120]]>
              </value>
            </param>
            <param index="3">
              <value>
                <![CDATA[java.security.SecureRandom@1a5f739]]>
              </value>
            </param>
          </params>
        </test-method>
        <test-method status="PASS" signature="staticCandidateVoteTest(java.lang.String, gsd.inescid.crypto.ElGamalKeyPair, gsd.inescid.markpledge3.MP3Parameters, java.util.Random)" name="staticCandidateVoteTest" duration-ms="0" started-at="2010-11-05T10:39:19Z" finished-at="2010-11-05T10:39:19Z">
          <params>
            <param index="0">
              <value>
                <![CDATA[static test key (p=64 q=64)  new generator]]>
              </value>
            </param>
            <param index="1">
              <value>
                <![CDATA[p = 13837456570030819931
q = 37019
g = 12977221436981235315
h = 3295523328044581023
kpri = 21162]]>
              </value>
            </param>
            <param index="2">
              <value>
                <![CDATA[
MarkPledge3 parameters
p = 13837456570030819931
q = 37019
g = 12977221436981235315
h = 3295523328044581023
G^1 = 408604428481721380
G^-1= 7639441448209623150]]>
              </value>
            </param>
            <param index="3">
              <value>
                <![CDATA[java.security.SecureRandom@1a5f739]]>
              </value>
            </param>
          </params>
        </test-method>
        <test-method status="PASS" signature="staticCandidateVoteTest(java.lang.String, gsd.inescid.crypto.ElGamalKeyPair, gsd.inescid.markpledge3.MP3Parameters, java.util.Random)" name="staticCandidateVoteTest" duration-ms="32" started-at="2010-11-05T10:39:19Z" finished-at="2010-11-05T10:39:19Z">
          <params>
            <param index="0">
              <value>
                <![CDATA[static test key (p=256 q=256)  new generator]]>
              </value>
            </param>
            <param index="1">
              <value>
                <![CDATA[p = 96509198243102796671880446802674469738718626049369117378023372848809843424647
q = 9343454630408743073
g = 1277521942415144182268691974932248538305429695828420578600404193489247113907
h = 70716499088905278137866323685115627936414801464957261891346856480745220250170
kpri = 2392069099357235447]]>
              </value>
            </param>
            <param index="2">
              <value>
                <![CDATA[
MarkPledge3 parameters
p = 96509198243102796671880446802674469738718626049369117378023372848809843424647
q = 9343454630408743073
g = 1277521942415144182268691974932248538305429695828420578600404193489247113907
h = 70716499088905278137866323685115627936414801464957261891346856480745220250170
G^1 = 93937115936726946073999317970387641971994444515450480815542595701395627242527
G^-1= 35885543648587731634547864138930260676280360718595311746823681783197774611704]]>
              </value>
            </param>
            <param index="3">
              <value>
                <![CDATA[java.security.SecureRandom@1a5f739]]>
              </value>
            </param>
          </params>
        </test-method>
        <test-method status="PASS" signature="staticCandidateVoteTest(java.lang.String, gsd.inescid.crypto.ElGamalKeyPair, gsd.inescid.markpledge3.MP3Parameters, java.util.Random)" name="staticCandidateVoteTest" duration-ms="78" started-at="2010-11-05T10:39:19Z" finished-at="2010-11-05T10:39:19Z">
          <params>
            <param index="0">
              <value>
                <![CDATA[static test key (p=512 q=512)  same generator]]>
              </value>
            </param>
            <param index="1">
              <value>
                <![CDATA[p = 8629062891067744184507022975662720378987473752990041787426291778605006743440995053806742448202855063320062101315540380750052591949644217479560721344478301
q = 203171359722151877094721833199876607953
g = 731113271782455786855822967753784344089103656793175692035250918928725753910790831430296535934107082040249272467144445005678295067622863511610517929368936
h = 6676587245753767563913553972652208701923594844999906330382882820117390653405816592851206456726951137081624873981578162353822652328336355484011953780143879
kpri = 100240013890884630086967403248292781730]]>
              </value>
            </param>
            <param index="2">
              <value>
                <![CDATA[
MarkPledge3 parameters
p = 8629062891067744184507022975662720378987473752990041787426291778605006743440995053806742448202855063320062101315540380750052591949644217479560721344478301
q = 203171359722151877094721833199876607953
g = 731113271782455786855822967753784344089103656793175692035250918928725753910790831430296535934107082040249272467144445005678295067622863511610517929368936
h = 6676587245753767563913553972652208701923594844999906330382882820117390653405816592851206456726951137081624873981578162353822652328336355484011953780143879
G^1 = 731113271782455786855822967753784344089103656793175692035250918928725753910790831430296535934107082040249272467144445005678295067622863511610517929368936
G^-1= 4991745062763357874438988235476293201467300306450988605815063807663805026511154293768850252188390398763904397258046698563428397224251298679448666004557434]]>
              </value>
            </param>
            <param index="3">
              <value>
                <![CDATA[java.security.SecureRandom@1a5f739]]>
              </value>
            </param>
          </params>
        </test-method>
        <test-method status="PASS" signature="staticCandidateVoteTest(java.lang.String, gsd.inescid.crypto.ElGamalKeyPair, gsd.inescid.markpledge3.MP3Parameters, java.util.Random)" name="staticCandidateVoteTest" duration-ms="109" started-at="2010-11-05T10:39:19Z" finished-at="2010-11-05T10:39:19Z">
          <params>
            <param index="0">
              <value>
                <![CDATA[static test key (p=512 q=512)  new generator]]>
              </value>
            </param>
            <param index="1">
              <value>
                <![CDATA[p = 8629062891067744184507022975662720378987473752990041787426291778605006743440995053806742448202855063320062101315540380750052591949644217479560721344478301
q = 203171359722151877094721833199876607953
g = 731113271782455786855822967753784344089103656793175692035250918928725753910790831430296535934107082040249272467144445005678295067622863511610517929368936
h = 6676587245753767563913553972652208701923594844999906330382882820117390653405816592851206456726951137081624873981578162353822652328336355484011953780143879
kpri = 100240013890884630086967403248292781730]]>
              </value>
            </param>
            <param index="2">
              <value>
                <![CDATA[
MarkPledge3 parameters
p = 8629062891067744184507022975662720378987473752990041787426291778605006743440995053806742448202855063320062101315540380750052591949644217479560721344478301
q = 203171359722151877094721833199876607953
g = 731113271782455786855822967753784344089103656793175692035250918928725753910790831430296535934107082040249272467144445005678295067622863511610517929368936
h = 6676587245753767563913553972652208701923594844999906330382882820117390653405816592851206456726951137081624873981578162353822652328336355484011953780143879
G^1 = 6996557188551014524187421388904142268178180223284134373616909244965852257356517592651482565495579186440808368192877410806178672834041737716626148973328867
G^-1= 7757150107959431970957410779129615632151153278685002561671419001617711451748613050998270820831246113319001016934583009935945062418418541937315193168691731]]>
              </value>
            </param>
            <param index="3">
              <value>
                <![CDATA[java.security.SecureRandom@1a5f739]]>
              </value>
            </param>
          </params>
        </test-method>
        <test-method status="PASS" signature="staticCandidateVoteTest(java.lang.String, gsd.inescid.crypto.ElGamalKeyPair, gsd.inescid.markpledge3.MP3Parameters, java.util.Random)" name="staticCandidateVoteTest" duration-ms="360" started-at="2010-11-05T10:39:19Z" finished-at="2010-11-05T10:39:19Z">
          <params>
            <param index="0">
              <value>
                <![CDATA[static test key (p=1024 q=1024)  same generator]]>
              </value>
            </param>
            <param index="1">
              <value>
                <![CDATA[p = 130470968870528286672118143586041482832296937499955584891293930333642826100644641879704474969857755740174180260610863165369657635692984831930650808561759011819635010422895169804620908044467103375841580738520834946432658680149507181588222556910347296332900498450662754998416277255895542975772237915528385346661
q = 730811166162110738948406901157474182798190119909
g = 129729638897114263941225905289118065684824146093111372979453772142750568454464201927561593750438322467110495720795025323109746235168017685738749195858539379923076203366351224924186897451385903639672127800510157917819764574337372688597525806115257730267586218804304437564832525503501309541362721271193381757306
h = 45767025888726386070108488564559440928599020324038738842453361133212926525336202096215878399514082747753885141063694439073197599837531588683558290924745678479886469616679191634577428419188052048458492539185624120833287555549952509917151284365869374971202428545754517940506832759567681482102895874841470343840
kpri = 336758609176518577749120141722508800094847774644]]>
              </value>
            </param>
            <param index="2">
              <value>
                <![CDATA[
MarkPledge3 parameters
p = 130470968870528286672118143586041482832296937499955584891293930333642826100644641879704474969857755740174180260610863165369657635692984831930650808561759011819635010422895169804620908044467103375841580738520834946432658680149507181588222556910347296332900498450662754998416277255895542975772237915528385346661
q = 730811166162110738948406901157474182798190119909
g = 129729638897114263941225905289118065684824146093111372979453772142750568454464201927561593750438322467110495720795025323109746235168017685738749195858539379923076203366351224924186897451385903639672127800510157917819764574337372688597525806115257730267586218804304437564832525503501309541362721271193381757306
h = 45767025888726386070108488564559440928599020324038738842453361133212926525336202096215878399514082747753885141063694439073197599837531588683558290924745678479886469616679191634577428419188052048458492539185624120833287555549952509917151284365869374971202428545754517940506832759567681482102895874841470343840
G^1 = 129729638897114263941225905289118065684824146093111372979453772142750568454464201927561593750438322467110495720795025323109746235168017685738749195858539379923076203366351224924186897451385903639672127800510157917819764574337372688597525806115257730267586218804304437564832525503501309541362721271193381757306
G^-1= 79207788316787429685999590703743158393247994349080817671909704460118369871006057315896699579678481190868816560452319652155183599509789010719017507107650184556002978553641395974699826243430375794244850565145926023964064044594479942247823953830270465840682325753284143463128779658141475023226392548697222686094]]>
              </value>
            </param>
            <param index="3">
              <value>
                <![CDATA[java.security.SecureRandom@1a5f739]]>
              </value>
            </param>
          </params>
        </test-method>
        <test-method status="PASS" signature="staticCandidateVoteTest(java.lang.String, gsd.inescid.crypto.ElGamalKeyPair, gsd.inescid.markpledge3.MP3Parameters, java.util.Random)" name="staticCandidateVoteTest" duration-ms="343" started-at="2010-11-05T10:39:19Z" finished-at="2010-11-05T10:39:19Z">
          <params>
            <param index="0">
              <value>
                <![CDATA[static test key (p=1024 q=1024)  new generator]]>
              </value>
            </param>
            <param index="1">
              <value>
                <![CDATA[p = 130470968870528286672118143586041482832296937499955584891293930333642826100644641879704474969857755740174180260610863165369657635692984831930650808561759011819635010422895169804620908044467103375841580738520834946432658680149507181588222556910347296332900498450662754998416277255895542975772237915528385346661
q = 730811166162110738948406901157474182798190119909
g = 129729638897114263941225905289118065684824146093111372979453772142750568454464201927561593750438322467110495720795025323109746235168017685738749195858539379923076203366351224924186897451385903639672127800510157917819764574337372688597525806115257730267586218804304437564832525503501309541362721271193381757306
h = 45767025888726386070108488564559440928599020324038738842453361133212926525336202096215878399514082747753885141063694439073197599837531588683558290924745678479886469616679191634577428419188052048458492539185624120833287555549952509917151284365869374971202428545754517940506832759567681482102895874841470343840
kpri = 336758609176518577749120141722508800094847774644]]>
              </value>
            </param>
            <param index="2">
              <value>
                <![CDATA[
MarkPledge3 parameters
p = 130470968870528286672118143586041482832296937499955584891293930333642826100644641879704474969857755740174180260610863165369657635692984831930650808561759011819635010422895169804620908044467103375841580738520834946432658680149507181588222556910347296332900498450662754998416277255895542975772237915528385346661
q = 730811166162110738948406901157474182798190119909
g = 129729638897114263941225905289118065684824146093111372979453772142750568454464201927561593750438322467110495720795025323109746235168017685738749195858539379923076203366351224924186897451385903639672127800510157917819764574337372688597525806115257730267586218804304437564832525503501309541362721271193381757306
h = 45767025888726386070108488564559440928599020324038738842453361133212926525336202096215878399514082747753885141063694439073197599837531588683558290924745678479886469616679191634577428419188052048458492539185624120833287555549952509917151284365869374971202428545754517940506832759567681482102895874841470343840
G^1 = 70401807425781495909966245405585007513541499599581515975362401472479518851979481812350882806415426057389128933449605597814560473495674550734084383741780626768743423355675941618808607929631051960018198773858260515477418899128040171740746551506852902486387008166266403245632597929046466152465071597113410210983
G^-1= 63830689857203742970562810666055252668404136465988231984485254351640576927784692069161133307059983540763307965957635236513263209478971129595062915311684338233190185413503828784513067339295442038300835721250004838315381720423686558402381265756426956890031244163005210080127265075752421103634522371636997275454]]>
              </value>
            </param>
            <param index="3">
              <value>
                <![CDATA[java.security.SecureRandom@1a5f739]]>
              </value>
            </param>
          </params>
        </test-method>
        <test-method status="PASS" signature="staticCandidateVoteTest(java.lang.String, gsd.inescid.crypto.ElGamalKeyPair, gsd.inescid.markpledge3.MP3Parameters, java.util.Random)" name="staticCandidateVoteTest" duration-ms="2062" started-at="2010-11-05T10:39:19Z" finished-at="2010-11-05T10:39:22Z">
          <params>
            <param index="0">
              <value>
                <![CDATA[static test key (p=2048 q=2048)  same generator]]>
              </value>
            </param>
            <param index="1">
              <value>
                <![CDATA[p = 16352257667237795452492417876250074222750809651743189869241571854684121692239011921645405611213746550509969450351759057036537793013254302670316235466565160350050580677900551687327929225683651085726093331617060756077509286020436102285394710033225008646732184093540913404131679344310784021875576071628850880893451571981373921365507065646673348635988911097305420113796370556288349509306800407396409668370456278367354457813028770810805975019879735176561279203794800976255625391231041383405820731614486050021434444539899485092706740553523709074499265401852181809297292843964205937744768915315643840020397757205147728125261
q = 108491933133315956354565649988568834360551714282059802822579040980758710858887
g = 12310163142778325766446866142217294368872634893843537343041925025207627932956954434401281008561927472042855640532026554784476174321685647098087180770307341395179926129804122498182000139195028345498759220230644631576122471039947929467474585808316917626504859232715010582767449244237440223570148452716825108934591844287059404066155479711625113863773124514048311709396034699140937252639439472175943541961690804581942685647564575633337245525146710443859641937049318649847731741002708557556315441652194116259120736894920850652002640685598657404380311344149827392447478400229074392886579663030695765269161851881235521977724
h = 6729719337571521934494018561616102299825003702340846300190387748095878034193046038910362348675863739379689476280881108966857184364068193176141996794624332663580825207350036058004481485738155424286454788356516270266635870091370944149614552127398710213598309987035799033329184664740866601593303229868278112900203965387241928113705117323297735869908528109609291037427016837540495306160791798859496258275348898459874918230123114407688873750102725584124303424902486309885396055873660100900009549098090429336744915835706367142812965624427336358777706052537128479645448444474791022836780991073389968765820001976764947543532
kpri = 30341646115679818707792678181773064131994005360964521686691272261382270078249]]>
              </value>
            </param>
            <param index="2">
              <value>
                <![CDATA[
MarkPledge3 parameters
p = 16352257667237795452492417876250074222750809651743189869241571854684121692239011921645405611213746550509969450351759057036537793013254302670316235466565160350050580677900551687327929225683651085726093331617060756077509286020436102285394710033225008646732184093540913404131679344310784021875576071628850880893451571981373921365507065646673348635988911097305420113796370556288349509306800407396409668370456278367354457813028770810805975019879735176561279203794800976255625391231041383405820731614486050021434444539899485092706740553523709074499265401852181809297292843964205937744768915315643840020397757205147728125261
q = 108491933133315956354565649988568834360551714282059802822579040980758710858887
g = 12310163142778325766446866142217294368872634893843537343041925025207627932956954434401281008561927472042855640532026554784476174321685647098087180770307341395179926129804122498182000139195028345498759220230644631576122471039947929467474585808316917626504859232715010582767449244237440223570148452716825108934591844287059404066155479711625113863773124514048311709396034699140937252639439472175943541961690804581942685647564575633337245525146710443859641937049318649847731741002708557556315441652194116259120736894920850652002640685598657404380311344149827392447478400229074392886579663030695765269161851881235521977724
h = 6729719337571521934494018561616102299825003702340846300190387748095878034193046038910362348675863739379689476280881108966857184364068193176141996794624332663580825207350036058004481485738155424286454788356516270266635870091370944149614552127398710213598309987035799033329184664740866601593303229868278112900203965387241928113705117323297735869908528109609291037427016837540495306160791798859496258275348898459874918230123114407688873750102725584124303424902486309885396055873660100900009549098090429336744915835706367142812965624427336358777706052537128479645448444474791022836780991073389968765820001976764947543532
G^1 = 12310163142778325766446866142217294368872634893843537343041925025207627932956954434401281008561927472042855640532026554784476174321685647098087180770307341395179926129804122498182000139195028345498759220230644631576122471039947929467474585808316917626504859232715010582767449244237440223570148452716825108934591844287059404066155479711625113863773124514048311709396034699140937252639439472175943541961690804581942685647564575633337245525146710443859641937049318649847731741002708557556315441652194116259120736894920850652002640685598657404380311344149827392447478400229074392886579663030695765269161851881235521977724
G^-1= 9476037224119035504250499948527094446062326563258370963724241087431284876036493281177474642010667435155482806348302948914910093619430759625345603357873834273156618105750880503621927813848622975897996467394199331322014934597410879520664973753121930815923995192079342274588448082951517575355189239015971772016701964789253388294789457126343069727903434191810702273032827886032748738364781917051047077725322613680806928101056106848353371672607544664367797137846936223653471636917040368668928853004350478614321907035431441456429044703963425259404331341882729343724288361471928668075912053615822128372633993038453788975420]]>
              </value>
            </param>
            <param index="3">
              <value>
                <![CDATA[java.security.SecureRandom@1a5f739]]>
              </value>
            </param>
          </params>
        </test-method>
        <test-method status="PASS" signature="staticCandidateVoteTest(java.lang.String, gsd.inescid.crypto.ElGamalKeyPair, gsd.inescid.markpledge3.MP3Parameters, java.util.Random)" name="staticCandidateVoteTest" duration-ms="2079" started-at="2010-11-05T10:39:22Z" finished-at="2010-11-05T10:39:24Z">
          <params>
            <param index="0">
              <value>
                <![CDATA[static test key (p=2048 q=2048)  new generator]]>
              </value>
            </param>
            <param index="1">
              <value>
                <![CDATA[p = 16352257667237795452492417876250074222750809651743189869241571854684121692239011921645405611213746550509969450351759057036537793013254302670316235466565160350050580677900551687327929225683651085726093331617060756077509286020436102285394710033225008646732184093540913404131679344310784021875576071628850880893451571981373921365507065646673348635988911097305420113796370556288349509306800407396409668370456278367354457813028770810805975019879735176561279203794800976255625391231041383405820731614486050021434444539899485092706740553523709074499265401852181809297292843964205937744768915315643840020397757205147728125261
q = 108491933133315956354565649988568834360551714282059802822579040980758710858887
g = 12310163142778325766446866142217294368872634893843537343041925025207627932956954434401281008561927472042855640532026554784476174321685647098087180770307341395179926129804122498182000139195028345498759220230644631576122471039947929467474585808316917626504859232715010582767449244237440223570148452716825108934591844287059404066155479711625113863773124514048311709396034699140937252639439472175943541961690804581942685647564575633337245525146710443859641937049318649847731741002708557556315441652194116259120736894920850652002640685598657404380311344149827392447478400229074392886579663030695765269161851881235521977724
h = 6729719337571521934494018561616102299825003702340846300190387748095878034193046038910362348675863739379689476280881108966857184364068193176141996794624332663580825207350036058004481485738155424286454788356516270266635870091370944149614552127398710213598309987035799033329184664740866601593303229868278112900203965387241928113705117323297735869908528109609291037427016837540495306160791798859496258275348898459874918230123114407688873750102725584124303424902486309885396055873660100900009549098090429336744915835706367142812965624427336358777706052537128479645448444474791022836780991073389968765820001976764947543532
kpri = 30341646115679818707792678181773064131994005360964521686691272261382270078249]]>
              </value>
            </param>
            <param index="2">
              <value>
                <![CDATA[
MarkPledge3 parameters
p = 16352257667237795452492417876250074222750809651743189869241571854684121692239011921645405611213746550509969450351759057036537793013254302670316235466565160350050580677900551687327929225683651085726093331617060756077509286020436102285394710033225008646732184093540913404131679344310784021875576071628850880893451571981373921365507065646673348635988911097305420113796370556288349509306800407396409668370456278367354457813028770810805975019879735176561279203794800976255625391231041383405820731614486050021434444539899485092706740553523709074499265401852181809297292843964205937744768915315643840020397757205147728125261
q = 108491933133315956354565649988568834360551714282059802822579040980758710858887
g = 12310163142778325766446866142217294368872634893843537343041925025207627932956954434401281008561927472042855640532026554784476174321685647098087180770307341395179926129804122498182000139195028345498759220230644631576122471039947929467474585808316917626504859232715010582767449244237440223570148452716825108934591844287059404066155479711625113863773124514048311709396034699140937252639439472175943541961690804581942685647564575633337245525146710443859641937049318649847731741002708557556315441652194116259120736894920850652002640685598657404380311344149827392447478400229074392886579663030695765269161851881235521977724
h = 6729719337571521934494018561616102299825003702340846300190387748095878034193046038910362348675863739379689476280881108966857184364068193176141996794624332663580825207350036058004481485738155424286454788356516270266635870091370944149614552127398710213598309987035799033329184664740866601593303229868278112900203965387241928113705117323297735869908528109609291037427016837540495306160791798859496258275348898459874918230123114407688873750102725584124303424902486309885396055873660100900009549098090429336744915835706367142812965624427336358777706052537128479645448444474791022836780991073389968765820001976764947543532
G^1 = 11712746286782309101659824100987267072018400791187768739156139556265840061205471889091851269148699394303251042212766865915219057972578952575599281915990854716128726616734884040813688475686112378457590357175117844824789724006129147781777798683717913711486592617047967679663310402127593914367552822095918219347262680396629043533686405658914094643072038229069547851128690031359289210331806115334484283705688502931255963198868094371298605023055758107251026925094438621699169343135915941749363916768627758392429954414512444939871371687366700187999619681680633811998989975811483709549998199155204432806272222176238315560132
G^-1= 5243614914619503616021170356703031035468850618592768925635253506211651198070388878797800749720021357328852568343110060454769064332683896731256038304033802940042699371509213613026019069318870250430180887105443064822273874991276180664877867081306392666245458734420430579596472967083398388675264860377587430000229557108076455727136510619077835271974883652840988491000314725237956395730472414540348272639190503055191010438386888774322533590464992690925476096018775996357848678061933017405319809270046310110926057740012304169511373899572785737980939015663619878028272413597666175068829251605825675306435059343395188189975]]>
              </value>
            </param>
            <param index="3">
              <value>
                <![CDATA[java.security.SecureRandom@1a5f739]]>
              </value>
            </param>
          </params>
        </test-method>
      </class>
    </test>
  </suite>
</testng-results>
