<?xml version="1.0" encoding="UTF-8"?>
<testsuite hostname="inesc-26b07669c" name="gsd.inescid.markpledge3.tests.testng.CandidateVoteTest" tests="10" failures="0" timestamp="5 Nov 2010 10:39:24 GMT" time="7.016" errors="0">
  <testcase name="staticCandidateVoteTest" time="0.031" classname="gsd.inescid.markpledge3.tests.testng.CandidateVoteTest"/>
  <testcase name="staticCandidateVoteTest" time="0.0" classname="gsd.inescid.markpledge3.tests.testng.CandidateVoteTest"/>
  <testcase name="staticCandidateVoteTest" time="0.015" classname="gsd.inescid.markpledge3.tests.testng.CandidateVoteTest"/>
  <testcase name="staticCandidateVoteTest" time="0.032" classname="gsd.inescid.markpledge3.tests.testng.CandidateVoteTest"/>
  <testcase name="staticCandidateVoteTest" time="0.078" classname="gsd.inescid.markpledge3.tests.testng.CandidateVoteTest"/>
  <testcase name="staticCandidateVoteTest" time="0.109" classname="gsd.inescid.markpledge3.tests.testng.CandidateVoteTest"/>
  <testcase name="staticCandidateVoteTest" time="0.36" classname="gsd.inescid.markpledge3.tests.testng.CandidateVoteTest"/>
  <testcase name="staticCandidateVoteTest" time="0.343" classname="gsd.inescid.markpledge3.tests.testng.CandidateVoteTest"/>
  <testcase name="staticCandidateVoteTest" time="2.062" classname="gsd.inescid.markpledge3.tests.testng.CandidateVoteTest"/>
  <testcase name="staticCandidateVoteTest" time="2.079" classname="gsd.inescid.markpledge3.tests.testng.CandidateVoteTest"/>
</testsuite>
